{"C:\\Project\\GitHub-repositories-explorer\\src\\App.tsx": {"path":"C:\\Project\\GitHub-repositories-explorer\\src\\App.tsx","all":true,"statementMap":{"0":{"start":{"line":1,"column":0},"end":{"line":1,"column":18}},"1":{"start":{"line":2,"column":0},"end":{"line":2,"column":31}},"3":{"start":{"line":4,"column":0},"end":{"line":4,"column":16}},"5":{"start":{"line":6,"column":0},"end":{"line":6,"column":17}},"6":{"start":{"line":7,"column":0},"end":{"line":7,"column":1}},"8":{"start":{"line":9,"column":0},"end":{"line":9,"column":18}}},"s":{"0":0,"1":0,"3":0,"5":0,"6":0,"8":0},"branchMap":{"0":{"type":"branch","line":1,"loc":{"start":{"line":1,"column":79},"end":{"line":9,"column":-11}},"locations":[{"start":{"line":1,"column":79},"end":{"line":9,"column":-11}}]}},"b":{"0":[0]},"fnMap":{"0":{"name":"(empty-report)","decl":{"start":{"line":1,"column":79},"end":{"line":9,"column":-11}},"loc":{"start":{"line":1,"column":79},"end":{"line":9,"column":-11}},"line":1}},"f":{"0":0}}
,"C:\\Project\\GitHub-repositories-explorer\\src\\main.tsx": {"path":"C:\\Project\\GitHub-repositories-explorer\\src\\main.tsx","all":true,"statementMap":{"0":{"start":{"line":1,"column":0},"end":{"line":1,"column":34}},"1":{"start":{"line":2,"column":0},"end":{"line":2,"column":45}},"2":{"start":{"line":3,"column":0},"end":{"line":3,"column":20}},"3":{"start":{"line":4,"column":0},"end":{"line":4,"column":27}},"4":{"start":{"line":5,"column":0},"end":{"line":5,"column":38}},"5":{"start":{"line":6,"column":0},"end":{"line":6,"column":34}},"7":{"start":{"line":8,"column":0},"end":{"line":8,"column":52}},"8":{"start":{"line":9,"column":0},"end":{"line":9,"column":14}},"9":{"start":{"line":10,"column":0},"end":{"line":10,"column":28}},"10":{"start":{"line":11,"column":0},"end":{"line":11,"column":13}},"11":{"start":{"line":12,"column":0},"end":{"line":12,"column":15}},"12":{"start":{"line":13,"column":0},"end":{"line":13,"column":15}},"13":{"start":{"line":14,"column":0},"end":{"line":14,"column":1}}},"s":{"0":0,"1":0,"2":0,"3":0,"4":0,"5":0,"7":0,"8":0,"9":0,"10":0,"11":0,"12":0,"13":0},"branchMap":{"0":{"type":"branch","line":1,"loc":{"start":{"line":1,"column":308},"end":{"line":14,"column":-247}},"locations":[{"start":{"line":1,"column":308},"end":{"line":14,"column":-247}}]}},"b":{"0":[0]},"fnMap":{"0":{"name":"(empty-report)","decl":{"start":{"line":1,"column":308},"end":{"line":14,"column":-247}},"loc":{"start":{"line":1,"column":308},"end":{"line":14,"column":-247}},"line":1}},"f":{"0":0}}
,"C:\\Project\\GitHub-repositories-explorer\\src\\setupTests.ts": {"path":"C:\\Project\\GitHub-repositories-explorer\\src\\setupTests.ts","all":true,"statementMap":{"0":{"start":{"line":1,"column":0},"end":{"line":1,"column":35}}},"s":{"0":0},"branchMap":{"0":{"type":"branch","line":1,"loc":{"start":{"line":1,"column":0},"end":{"line":1,"column":35}},"locations":[{"start":{"line":1,"column":0},"end":{"line":1,"column":35}}]}},"b":{"0":[0]},"fnMap":{"0":{"name":"(empty-report)","decl":{"start":{"line":1,"column":0},"end":{"line":1,"column":35}},"loc":{"start":{"line":1,"column":0},"end":{"line":1,"column":35}},"line":1}},"f":{"0":0}}
,"C:\\Project\\GitHub-repositories-explorer\\src\\store.ts": {"path":"C:\\Project\\GitHub-repositories-explorer\\src\\store.ts","all":true,"statementMap":{"0":{"start":{"line":1,"column":0},"end":{"line":1,"column":49}},"1":{"start":{"line":2,"column":0},"end":{"line":2,"column":57}},"3":{"start":{"line":4,"column":0},"end":{"line":4,"column":37}},"4":{"start":{"line":5,"column":0},"end":{"line":5,"column":14}},"5":{"start":{"line":6,"column":0},"end":{"line":6,"column":30}},"6":{"start":{"line":7,"column":0},"end":{"line":7,"column":6}},"7":{"start":{"line":8,"column":0},"end":{"line":8,"column":2}}},"s":{"0":0,"1":0,"3":0,"4":0,"5":0,"6":0,"7":0},"branchMap":{"0":{"type":"branch","line":1,"loc":{"start":{"line":1,"column":0},"end":{"line":11,"column":-89}},"locations":[{"start":{"line":1,"column":0},"end":{"line":11,"column":-89}}]}},"b":{"0":[0]},"fnMap":{"0":{"name":"(empty-report)","decl":{"start":{"line":1,"column":0},"end":{"line":11,"column":-89}},"loc":{"start":{"line":1,"column":0},"end":{"line":11,"column":-89}},"line":1}},"f":{"0":0}}
,"C:\\Project\\GitHub-repositories-explorer\\src\\components\\SearchForm\\SearchForm.tsx": {"path":"C:\\Project\\GitHub-repositories-explorer\\src\\components\\SearchForm\\SearchForm.tsx","all":false,"statementMap":{"0":{"start":{"line":1,"column":0},"end":{"line":1,"column":34}},"1":{"start":{"line":2,"column":0},"end":{"line":2,"column":37}},"4":{"start":{"line":5,"column":0},"end":{"line":5,"column":48}},"5":{"start":{"line":6,"column":0},"end":{"line":6,"column":50}},"7":{"start":{"line":8,"column":0},"end":{"line":8,"column":10}},"8":{"start":{"line":9,"column":0},"end":{"line":9,"column":60}},"9":{"start":{"line":10,"column":0},"end":{"line":10,"column":49}},"10":{"start":{"line":11,"column":0},"end":{"line":11,"column":16}},"11":{"start":{"line":12,"column":0},"end":{"line":12,"column":11}},"13":{"start":{"line":14,"column":0},"end":{"line":14,"column":2}},"15":{"start":{"line":16,"column":0},"end":{"line":16,"column":26}}},"s":{"0":1,"1":1,"4":1,"5":65,"7":65,"8":65,"9":65,"10":65,"11":65,"13":65,"15":1},"branchMap":{"0":{"type":"branch","line":5,"loc":{"start":{"line":5,"column":19},"end":{"line":14,"column":2}},"locations":[{"start":{"line":5,"column":19},"end":{"line":14,"column":2}}]}},"b":{"0":[65]},"fnMap":{"0":{"name":"SearchForm","decl":{"start":{"line":5,"column":19},"end":{"line":14,"column":2}},"loc":{"start":{"line":5,"column":19},"end":{"line":14,"column":2}},"line":5}},"f":{"0":65}}
,"C:\\Project\\GitHub-repositories-explorer\\src\\components\\SearchForm\\SearchForm.types.ts": {"path":"C:\\Project\\GitHub-repositories-explorer\\src\\components\\SearchForm\\SearchForm.types.ts","all":true,"statementMap":{},"s":{},"branchMap":{"0":{"type":"branch","line":1,"loc":{"start":{"line":1,"column":157},"end":{"line":5,"column":1}},"locations":[{"start":{"line":1,"column":157},"end":{"line":5,"column":1}}]}},"b":{"0":[1]},"fnMap":{"0":{"name":"(empty-report)","decl":{"start":{"line":1,"column":157},"end":{"line":5,"column":1}},"loc":{"start":{"line":1,"column":157},"end":{"line":5,"column":1}},"line":1}},"f":{"0":1}}
,"C:\\Project\\GitHub-repositories-explorer\\src\\components\\SearchForm\\index.ts": {"path":"C:\\Project\\GitHub-repositories-explorer\\src\\components\\SearchForm\\index.ts","all":true,"statementMap":{"0":{"start":{"line":1,"column":0},"end":{"line":1,"column":28}}},"s":{"0":0},"branchMap":{"0":{"type":"branch","line":1,"loc":{"start":{"line":1,"column":0},"end":{"line":1,"column":28}},"locations":[{"start":{"line":1,"column":0},"end":{"line":1,"column":28}}]}},"b":{"0":[0]},"fnMap":{"0":{"name":"(empty-report)","decl":{"start":{"line":1,"column":0},"end":{"line":1,"column":28}},"loc":{"start":{"line":1,"column":0},"end":{"line":1,"column":28}},"line":1}},"f":{"0":0}}
,"C:\\Project\\GitHub-repositories-explorer\\src\\components\\SearchForm\\Button\\Button.tsx": {"path":"C:\\Project\\GitHub-repositories-explorer\\src\\components\\SearchForm\\Button\\Button.tsx","all":false,"statementMap":{"1":{"start":{"line":2,"column":0},"end":{"line":2,"column":42}},"4":{"start":{"line":5,"column":0},"end":{"line":5,"column":32}},"5":{"start":{"line":6,"column":0},"end":{"line":6,"column":70}},"6":{"start":{"line":7,"column":0},"end":{"line":7,"column":10}},"7":{"start":{"line":8,"column":0},"end":{"line":8,"column":11}},"8":{"start":{"line":9,"column":0},"end":{"line":9,"column":27}},"9":{"start":{"line":10,"column":0},"end":{"line":10,"column":19}},"10":{"start":{"line":11,"column":0},"end":{"line":11,"column":202}},"11":{"start":{"line":12,"column":0},"end":{"line":12,"column":24}},"13":{"start":{"line":14,"column":0},"end":{"line":14,"column":42}},"14":{"start":{"line":15,"column":0},"end":{"line":15,"column":13}},"16":{"start":{"line":17,"column":0},"end":{"line":17,"column":2}},"18":{"start":{"line":19,"column":0},"end":{"line":19,"column":22}}},"s":{"1":1,"4":1,"5":66,"6":66,"7":66,"8":66,"9":66,"10":66,"11":66,"13":66,"14":66,"16":66,"18":1},"branchMap":{"0":{"type":"branch","line":5,"loc":{"start":{"line":5,"column":25},"end":{"line":17,"column":2}},"locations":[{"start":{"line":5,"column":25},"end":{"line":17,"column":2}}]},"1":{"type":"branch","line":11,"loc":{"start":{"line":11,"column":20},"end":{"line":11,"column":80}},"locations":[{"start":{"line":11,"column":20},"end":{"line":11,"column":80}}]},"2":{"type":"branch","line":11,"loc":{"start":{"line":11,"column":30},"end":{"line":11,"column":126}},"locations":[{"start":{"line":11,"column":30},"end":{"line":11,"column":126}}]},"3":{"type":"branch","line":14,"loc":{"start":{"line":14,"column":7},"end":{"line":14,"column":33}},"locations":[{"start":{"line":14,"column":7},"end":{"line":14,"column":33}}]},"4":{"type":"branch","line":14,"loc":{"start":{"line":14,"column":17},"end":{"line":14,"column":42}},"locations":[{"start":{"line":14,"column":17},"end":{"line":14,"column":42}}]},"5":{"type":"branch","line":6,"loc":{"start":{"line":6,"column":34},"end":{"line":6,"column":68}},"locations":[{"start":{"line":6,"column":34},"end":{"line":6,"column":68}}]}},"b":{"0":[66],"1":[1],"2":[65],"3":[1],"4":[65],"5":[82]},"fnMap":{"0":{"name":"Button","decl":{"start":{"line":5,"column":25},"end":{"line":17,"column":2}},"loc":{"start":{"line":5,"column":25},"end":{"line":17,"column":2}},"line":5}},"f":{"0":66}}
,"C:\\Project\\GitHub-repositories-explorer\\src\\components\\SearchForm\\Button\\Button.types.ts": {"path":"C:\\Project\\GitHub-repositories-explorer\\src\\components\\SearchForm\\Button\\Button.types.ts","all":true,"statementMap":{},"s":{},"branchMap":{"0":{"type":"branch","line":1,"loc":{"start":{"line":1,"column":0},"end":{"line":1,"column":0}},"locations":[{"start":{"line":1,"column":0},"end":{"line":1,"column":0}}]}},"b":{"0":[1]},"fnMap":{"0":{"name":"(empty-report)","decl":{"start":{"line":1,"column":0},"end":{"line":1,"column":0}},"loc":{"start":{"line":1,"column":0},"end":{"line":1,"column":0}},"line":1}},"f":{"0":1}}
,"C:\\Project\\GitHub-repositories-explorer\\src\\components\\SearchForm\\Button\\index.ts": {"path":"C:\\Project\\GitHub-repositories-explorer\\src\\components\\SearchForm\\Button\\index.ts","all":true,"statementMap":{"0":{"start":{"line":1,"column":0},"end":{"line":1,"column":25}}},"s":{"0":0},"branchMap":{"0":{"type":"branch","line":1,"loc":{"start":{"line":1,"column":0},"end":{"line":1,"column":25}},"locations":[{"start":{"line":1,"column":0},"end":{"line":1,"column":25}}]}},"b":{"0":[0]},"fnMap":{"0":{"name":"(empty-report)","decl":{"start":{"line":1,"column":0},"end":{"line":1,"column":25}},"loc":{"start":{"line":1,"column":0},"end":{"line":1,"column":25}},"line":1}},"f":{"0":0}}
,"C:\\Project\\GitHub-repositories-explorer\\src\\components\\SearchForm\\Input\\Input.tsx": {"path":"C:\\Project\\GitHub-repositories-explorer\\src\\components\\SearchForm\\Input\\Input.tsx","all":false,"statementMap":{"2":{"start":{"line":3,"column":0},"end":{"line":3,"column":38}},"3":{"start":{"line":4,"column":0},"end":{"line":4,"column":36}},"4":{"start":{"line":5,"column":0},"end":{"line":5,"column":10}},"5":{"start":{"line":6,"column":0},"end":{"line":6,"column":10}},"6":{"start":{"line":7,"column":0},"end":{"line":7,"column":32}},"7":{"start":{"line":8,"column":0},"end":{"line":8,"column":17}},"8":{"start":{"line":9,"column":0},"end":{"line":9,"column":19}},"9":{"start":{"line":10,"column":0},"end":{"line":10,"column":48}},"10":{"start":{"line":11,"column":0},"end":{"line":11,"column":70}},"11":{"start":{"line":12,"column":0},"end":{"line":12,"column":34}},"12":{"start":{"line":13,"column":0},"end":{"line":13,"column":6}},"14":{"start":{"line":15,"column":0},"end":{"line":15,"column":2}},"16":{"start":{"line":17,"column":0},"end":{"line":17,"column":21}}},"s":{"2":1,"3":66,"4":66,"5":66,"6":66,"7":66,"8":66,"9":66,"10":66,"11":66,"12":66,"14":66,"16":1},"branchMap":{"0":{"type":"branch","line":3,"loc":{"start":{"line":3,"column":14},"end":{"line":15,"column":2}},"locations":[{"start":{"line":3,"column":14},"end":{"line":15,"column":2}}]},"1":{"type":"branch","line":10,"loc":{"start":{"line":10,"column":16},"end":{"line":10,"column":48}},"locations":[{"start":{"line":10,"column":16},"end":{"line":10,"column":48}}]}},"b":{"0":[66],"1":[49]},"fnMap":{"0":{"name":"Input","decl":{"start":{"line":3,"column":14},"end":{"line":15,"column":2}},"loc":{"start":{"line":3,"column":14},"end":{"line":15,"column":2}},"line":3},"1":{"name":"onChange","decl":{"start":{"line":10,"column":16},"end":{"line":10,"column":48}},"loc":{"start":{"line":10,"column":16},"end":{"line":10,"column":48}},"line":10}},"f":{"0":66,"1":49}}
,"C:\\Project\\GitHub-repositories-explorer\\src\\components\\SearchForm\\Input\\Input.types.ts": {"path":"C:\\Project\\GitHub-repositories-explorer\\src\\components\\SearchForm\\Input\\Input.types.ts","all":true,"statementMap":{},"s":{},"branchMap":{"0":{"type":"branch","line":1,"loc":{"start":{"line":1,"column":92},"end":{"line":4,"column":1}},"locations":[{"start":{"line":1,"column":92},"end":{"line":4,"column":1}}]}},"b":{"0":[1]},"fnMap":{"0":{"name":"(empty-report)","decl":{"start":{"line":1,"column":92},"end":{"line":4,"column":1}},"loc":{"start":{"line":1,"column":92},"end":{"line":4,"column":1}},"line":1}},"f":{"0":1}}
,"C:\\Project\\GitHub-repositories-explorer\\src\\components\\SearchForm\\Input\\index.ts": {"path":"C:\\Project\\GitHub-repositories-explorer\\src\\components\\SearchForm\\Input\\index.ts","all":true,"statementMap":{"0":{"start":{"line":1,"column":0},"end":{"line":1,"column":23}}},"s":{"0":0},"branchMap":{"0":{"type":"branch","line":1,"loc":{"start":{"line":1,"column":0},"end":{"line":1,"column":23}},"locations":[{"start":{"line":1,"column":0},"end":{"line":1,"column":23}}]}},"b":{"0":[0]},"fnMap":{"0":{"name":"(empty-report)","decl":{"start":{"line":1,"column":0},"end":{"line":1,"column":23}},"loc":{"start":{"line":1,"column":0},"end":{"line":1,"column":23}},"line":1}},"f":{"0":0}}
,"C:\\Project\\GitHub-repositories-explorer\\src\\components\\SearchList\\SearchList.tsx": {"path":"C:\\Project\\GitHub-repositories-explorer\\src\\components\\SearchList\\SearchList.tsx","all":false,"statementMap":{"0":{"start":{"line":1,"column":0},"end":{"line":1,"column":42}},"2":{"start":{"line":3,"column":0},"end":{"line":3,"column":61}},"3":{"start":{"line":4,"column":0},"end":{"line":4,"column":44}},"6":{"start":{"line":7,"column":0},"end":{"line":7,"column":36}},"7":{"start":{"line":8,"column":0},"end":{"line":8,"column":45}},"8":{"start":{"line":9,"column":0},"end":{"line":9,"column":38}},"9":{"start":{"line":10,"column":0},"end":{"line":10,"column":4}},"10":{"start":{"line":11,"column":0},"end":{"line":11,"column":63}},"12":{"start":{"line":13,"column":0},"end":{"line":13,"column":19}},"13":{"start":{"line":14,"column":0},"end":{"line":14,"column":16}},"14":{"start":{"line":15,"column":0},"end":{"line":15,"column":26}},"15":{"start":{"line":16,"column":0},"end":{"line":16,"column":13}},"16":{"start":{"line":17,"column":0},"end":{"line":17,"column":5}},"17":{"start":{"line":18,"column":0},"end":{"line":18,"column":33}},"18":{"start":{"line":19,"column":0},"end":{"line":19,"column":27}},"19":{"start":{"line":20,"column":0},"end":{"line":20,"column":10}},"20":{"start":{"line":21,"column":0},"end":{"line":21,"column":59}},"21":{"start":{"line":22,"column":0},"end":{"line":22,"column":35}},"22":{"start":{"line":23,"column":0},"end":{"line":23,"column":52}},"23":{"start":{"line":24,"column":0},"end":{"line":24,"column":9}},"24":{"start":{"line":25,"column":0},"end":{"line":25,"column":10}},"26":{"start":{"line":27,"column":0},"end":{"line":27,"column":2}},"28":{"start":{"line":29,"column":0},"end":{"line":29,"column":26}}},"s":{"0":1,"2":1,"3":1,"6":1,"7":80,"8":80,"9":80,"10":80,"12":80,"13":16,"14":4,"15":4,"16":4,"17":12,"18":80,"19":80,"20":80,"21":80,"22":21,"23":80,"24":80,"26":80,"28":1},"branchMap":{"0":{"type":"branch","line":7,"loc":{"start":{"line":7,"column":29},"end":{"line":27,"column":2}},"locations":[{"start":{"line":7,"column":29},"end":{"line":27,"column":2}}]},"1":{"type":"branch","line":9,"loc":{"start":{"line":9,"column":4},"end":{"line":9,"column":38}},"locations":[{"start":{"line":9,"column":4},"end":{"line":9,"column":38}}]},"2":{"type":"branch","line":13,"loc":{"start":{"line":13,"column":12},"end":{"line":19,"column":5}},"locations":[{"start":{"line":13,"column":12},"end":{"line":19,"column":5}}]},"3":{"type":"branch","line":14,"loc":{"start":{"line":14,"column":15},"end":{"line":17,"column":5}},"locations":[{"start":{"line":14,"column":15},"end":{"line":17,"column":5}}]},"4":{"type":"branch","line":17,"loc":{"start":{"line":17,"column":4},"end":{"line":18,"column":33}},"locations":[{"start":{"line":17,"column":4},"end":{"line":18,"column":33}}]},"5":{"type":"branch","line":22,"loc":{"start":{"line":22,"column":24},"end":{"line":23,"column":52}},"locations":[{"start":{"line":22,"column":24},"end":{"line":23,"column":52}}]}},"b":{"0":[80],"1":[96],"2":[16],"3":[4],"4":[12],"5":[21]},"fnMap":{"0":{"name":"SearchList","decl":{"start":{"line":7,"column":29},"end":{"line":27,"column":2}},"loc":{"start":{"line":7,"column":29},"end":{"line":27,"column":2}},"line":7}},"f":{"0":80}}
,"C:\\Project\\GitHub-repositories-explorer\\src\\components\\SearchList\\index.ts": {"path":"C:\\Project\\GitHub-repositories-explorer\\src\\components\\SearchList\\index.ts","all":true,"statementMap":{"0":{"start":{"line":1,"column":0},"end":{"line":1,"column":28}}},"s":{"0":0},"branchMap":{"0":{"type":"branch","line":1,"loc":{"start":{"line":1,"column":0},"end":{"line":1,"column":28}},"locations":[{"start":{"line":1,"column":0},"end":{"line":1,"column":28}}]}},"b":{"0":[0]},"fnMap":{"0":{"name":"(empty-report)","decl":{"start":{"line":1,"column":0},"end":{"line":1,"column":28}},"loc":{"start":{"line":1,"column":0},"end":{"line":1,"column":28}},"line":1}},"f":{"0":0}}
,"C:\\Project\\GitHub-repositories-explorer\\src\\components\\SearchList\\CardSearchList\\CardSearchList.tsx": {"path":"C:\\Project\\GitHub-repositories-explorer\\src\\components\\SearchList\\CardSearchList\\CardSearchList.tsx","all":false,"statementMap":{"0":{"start":{"line":1,"column":0},"end":{"line":1,"column":33}},"4":{"start":{"line":5,"column":0},"end":{"line":5,"column":56}},"5":{"start":{"line":6,"column":0},"end":{"line":6,"column":46}},"6":{"start":{"line":7,"column":0},"end":{"line":7,"column":25}},"8":{"start":{"line":9,"column":0},"end":{"line":9,"column":10}},"9":{"start":{"line":10,"column":0},"end":{"line":10,"column":28}},"10":{"start":{"line":11,"column":0},"end":{"line":11,"column":100}},"11":{"start":{"line":12,"column":0},"end":{"line":12,"column":90}},"12":{"start":{"line":13,"column":0},"end":{"line":13,"column":22}},"13":{"start":{"line":14,"column":0},"end":{"line":14,"column":14}},"14":{"start":{"line":15,"column":0},"end":{"line":15,"column":16}},"15":{"start":{"line":16,"column":0},"end":{"line":16,"column":46}},"16":{"start":{"line":17,"column":0},"end":{"line":17,"column":43}},"17":{"start":{"line":18,"column":0},"end":{"line":18,"column":14}},"18":{"start":{"line":19,"column":0},"end":{"line":19,"column":46}},"19":{"start":{"line":20,"column":0},"end":{"line":20,"column":25}},"20":{"start":{"line":21,"column":0},"end":{"line":21,"column":36}},"21":{"start":{"line":22,"column":0},"end":{"line":22,"column":24}},"22":{"start":{"line":23,"column":0},"end":{"line":23,"column":26}},"24":{"start":{"line":25,"column":0},"end":{"line":25,"column":78}},"25":{"start":{"line":26,"column":0},"end":{"line":26,"column":16}},"26":{"start":{"line":27,"column":0},"end":{"line":27,"column":17}},"27":{"start":{"line":28,"column":0},"end":{"line":28,"column":12}},"28":{"start":{"line":29,"column":0},"end":{"line":29,"column":16}},"29":{"start":{"line":30,"column":0},"end":{"line":30,"column":36}},"30":{"start":{"line":31,"column":0},"end":{"line":31,"column":41}},"31":{"start":{"line":32,"column":0},"end":{"line":32,"column":83}},"32":{"start":{"line":33,"column":0},"end":{"line":33,"column":128}},"33":{"start":{"line":34,"column":0},"end":{"line":34,"column":54}},"34":{"start":{"line":35,"column":0},"end":{"line":35,"column":121}},"35":{"start":{"line":36,"column":0},"end":{"line":36,"column":31}},"36":{"start":{"line":37,"column":0},"end":{"line":37,"column":106}},"37":{"start":{"line":38,"column":0},"end":{"line":38,"column":45}},"38":{"start":{"line":39,"column":0},"end":{"line":39,"column":26}},"39":{"start":{"line":40,"column":0},"end":{"line":40,"column":58}},"40":{"start":{"line":41,"column":0},"end":{"line":41,"column":37}},"41":{"start":{"line":42,"column":0},"end":{"line":42,"column":43}},"42":{"start":{"line":43,"column":0},"end":{"line":43,"column":36}},"43":{"start":{"line":44,"column":0},"end":{"line":44,"column":38}},"45":{"start":{"line":46,"column":0},"end":{"line":46,"column":27}},"46":{"start":{"line":47,"column":0},"end":{"line":47,"column":66}},"47":{"start":{"line":48,"column":0},"end":{"line":48,"column":66}},"48":{"start":{"line":49,"column":0},"end":{"line":49,"column":28}},"49":{"start":{"line":50,"column":0},"end":{"line":50,"column":27}},"50":{"start":{"line":51,"column":0},"end":{"line":51,"column":136}},"51":{"start":{"line":52,"column":0},"end":{"line":52,"column":28}},"52":{"start":{"line":53,"column":0},"end":{"line":53,"column":28}},"53":{"start":{"line":54,"column":0},"end":{"line":54,"column":26}},"54":{"start":{"line":55,"column":0},"end":{"line":55,"column":24}},"55":{"start":{"line":56,"column":0},"end":{"line":56,"column":72}},"56":{"start":{"line":57,"column":0},"end":{"line":57,"column":76}},"57":{"start":{"line":58,"column":0},"end":{"line":58,"column":24}},"58":{"start":{"line":59,"column":0},"end":{"line":59,"column":22}},"59":{"start":{"line":60,"column":0},"end":{"line":60,"column":20}},"60":{"start":{"line":61,"column":0},"end":{"line":61,"column":18}},"61":{"start":{"line":62,"column":0},"end":{"line":62,"column":12}},"63":{"start":{"line":64,"column":0},"end":{"line":64,"column":93}},"64":{"start":{"line":65,"column":0},"end":{"line":65,"column":80}},"66":{"start":{"line":67,"column":0},"end":{"line":67,"column":18}},"67":{"start":{"line":68,"column":0},"end":{"line":68,"column":16}},"69":{"start":{"line":70,"column":0},"end":{"line":70,"column":10}},"71":{"start":{"line":72,"column":0},"end":{"line":72,"column":2}},"73":{"start":{"line":74,"column":0},"end":{"line":74,"column":30}}},"s":{"0":1,"4":1,"5":35,"6":35,"8":35,"9":35,"10":35,"11":35,"12":35,"13":35,"14":35,"15":35,"16":35,"17":35,"18":35,"19":35,"20":35,"21":35,"22":35,"24":35,"25":35,"26":35,"27":35,"28":35,"29":6,"30":3,"31":5,"32":5,"33":5,"34":5,"35":5,"36":5,"37":5,"38":5,"39":5,"40":5,"41":5,"42":5,"43":5,"45":5,"46":5,"47":5,"48":5,"49":5,"50":5,"51":5,"52":5,"53":5,"54":5,"55":5,"56":5,"57":5,"58":5,"59":5,"60":5,"61":3,"63":3,"64":3,"66":3,"67":3,"69":35,"71":35,"73":1},"branchMap":{"0":{"type":"branch","line":5,"loc":{"start":{"line":5,"column":23},"end":{"line":72,"column":2}},"locations":[{"start":{"line":5,"column":23},"end":{"line":72,"column":2}}]},"1":{"type":"branch","line":29,"loc":{"start":{"line":29,"column":7},"end":{"line":68,"column":16}},"locations":[{"start":{"line":29,"column":7},"end":{"line":68,"column":16}}]},"2":{"type":"branch","line":30,"loc":{"start":{"line":30,"column":14},"end":{"line":30,"column":36}},"locations":[{"start":{"line":30,"column":14},"end":{"line":30,"column":36}}]},"3":{"type":"branch","line":30,"loc":{"start":{"line":30,"column":26},"end":{"line":62,"column":12}},"locations":[{"start":{"line":30,"column":26},"end":{"line":62,"column":12}}]},"4":{"type":"branch","line":62,"loc":{"start":{"line":62,"column":11},"end":{"line":68,"column":16}},"locations":[{"start":{"line":62,"column":11},"end":{"line":68,"column":16}}]},"5":{"type":"branch","line":17,"loc":{"start":{"line":17,"column":17},"end":{"line":17,"column":43}},"locations":[{"start":{"line":17,"column":17},"end":{"line":17,"column":43}}]},"6":{"type":"branch","line":31,"loc":{"start":{"line":31,"column":30},"end":{"line":61,"column":18}},"locations":[{"start":{"line":31,"column":30},"end":{"line":61,"column":18}}]},"7":{"type":"branch","line":57,"loc":{"start":{"line":57,"column":26},"end":{"line":57,"column":59}},"locations":[{"start":{"line":57,"column":26},"end":{"line":57,"column":59}}]},"8":{"type":"branch","line":57,"loc":{"start":{"line":57,"column":45},"end":{"line":57,"column":76}},"locations":[{"start":{"line":57,"column":45},"end":{"line":57,"column":76}}]}},"b":{"0":[35],"1":[6],"2":[5],"3":[3],"4":[3],"5":[7],"6":[5],"7":[3],"8":[2]},"fnMap":{"0":{"name":"CardSearchList","decl":{"start":{"line":5,"column":23},"end":{"line":72,"column":2}},"loc":{"start":{"line":5,"column":23},"end":{"line":72,"column":2}},"line":5},"1":{"name":"onClick","decl":{"start":{"line":17,"column":17},"end":{"line":17,"column":43}},"loc":{"start":{"line":17,"column":17},"end":{"line":17,"column":43}},"line":17}},"f":{"0":35,"1":7}}
,"C:\\Project\\GitHub-repositories-explorer\\src\\components\\SearchList\\CardSearchList\\CardSearchList.types.ts": {"path":"C:\\Project\\GitHub-repositories-explorer\\src\\components\\SearchList\\CardSearchList\\CardSearchList.types.ts","all":true,"statementMap":{},"s":{},"branchMap":{"0":{"type":"branch","line":1,"loc":{"start":{"line":1,"column":120},"end":{"line":5,"column":1}},"locations":[{"start":{"line":1,"column":120},"end":{"line":5,"column":1}}]}},"b":{"0":[1]},"fnMap":{"0":{"name":"(empty-report)","decl":{"start":{"line":1,"column":120},"end":{"line":5,"column":1}},"loc":{"start":{"line":1,"column":120},"end":{"line":5,"column":1}},"line":1}},"f":{"0":1}}
,"C:\\Project\\GitHub-repositories-explorer\\src\\components\\SearchList\\CardSearchList\\index.ts": {"path":"C:\\Project\\GitHub-repositories-explorer\\src\\components\\SearchList\\CardSearchList\\index.ts","all":true,"statementMap":{"0":{"start":{"line":1,"column":0},"end":{"line":1,"column":32}}},"s":{"0":0},"branchMap":{"0":{"type":"branch","line":1,"loc":{"start":{"line":1,"column":0},"end":{"line":1,"column":32}},"locations":[{"start":{"line":1,"column":0},"end":{"line":1,"column":32}}]}},"b":{"0":[0]},"fnMap":{"0":{"name":"(empty-report)","decl":{"start":{"line":1,"column":0},"end":{"line":1,"column":32}},"loc":{"start":{"line":1,"column":0},"end":{"line":1,"column":32}},"line":1}},"f":{"0":0}}
,"C:\\Project\\GitHub-repositories-explorer\\src\\features\\search\\searchSlice.ts": {"path":"C:\\Project\\GitHub-repositories-explorer\\src\\features\\search\\searchSlice.ts","all":false,"statementMap":{"0":{"start":{"line":1,"column":0},"end":{"line":1,"column":65}},"1":{"start":{"line":2,"column":0},"end":{"line":2,"column":51}},"23":{"start":{"line":24,"column":0},"end":{"line":24,"column":40}},"24":{"start":{"line":25,"column":0},"end":{"line":25,"column":19}},"25":{"start":{"line":26,"column":0},"end":{"line":26,"column":19}},"26":{"start":{"line":27,"column":0},"end":{"line":27,"column":24}},"27":{"start":{"line":28,"column":0},"end":{"line":28,"column":23}},"28":{"start":{"line":29,"column":0},"end":{"line":29,"column":20}},"29":{"start":{"line":30,"column":0},"end":{"line":30,"column":16}},"30":{"start":{"line":31,"column":0},"end":{"line":31,"column":17}},"31":{"start":{"line":32,"column":0},"end":{"line":32,"column":33}},"32":{"start":{"line":33,"column":0},"end":{"line":33,"column":15}},"33":{"start":{"line":34,"column":0},"end":{"line":34,"column":65}},"34":{"start":{"line":35,"column":0},"end":{"line":35,"column":47}},"35":{"start":{"line":36,"column":0},"end":{"line":36,"column":33}},"36":{"start":{"line":37,"column":0},"end":{"line":37,"column":10}},"37":{"start":{"line":38,"column":0},"end":{"line":38,"column":64}},"38":{"start":{"line":39,"column":0},"end":{"line":39,"column":34}},"39":{"start":{"line":40,"column":0},"end":{"line":40,"column":51}},"40":{"start":{"line":41,"column":0},"end":{"line":41,"column":10}},"41":{"start":{"line":42,"column":0},"end":{"line":42,"column":55}},"42":{"start":{"line":43,"column":0},"end":{"line":43,"column":33}},"43":{"start":{"line":44,"column":0},"end":{"line":44,"column":30}},"44":{"start":{"line":45,"column":0},"end":{"line":45,"column":10}},"46":{"start":{"line":47,"column":0},"end":{"line":47,"column":6}},"47":{"start":{"line":48,"column":0},"end":{"line":48,"column":3}},"49":{"start":{"line":50,"column":0},"end":{"line":50,"column":49}},"50":{"start":{"line":51,"column":0},"end":{"line":51,"column":30}},"51":{"start":{"line":52,"column":0},"end":{"line":52,"column":48}},"52":{"start":{"line":53,"column":0},"end":{"line":53,"column":13}},"53":{"start":{"line":54,"column":0},"end":{"line":54,"column":44}},"54":{"start":{"line":55,"column":0},"end":{"line":55,"column":59}},"55":{"start":{"line":56,"column":0},"end":{"line":56,"column":30}},"56":{"start":{"line":57,"column":0},"end":{"line":57,"column":14}},"57":{"start":{"line":58,"column":0},"end":{"line":58,"column":43}},"58":{"start":{"line":59,"column":0},"end":{"line":59,"column":56}},"59":{"start":{"line":60,"column":0},"end":{"line":60,"column":13}},"60":{"start":{"line":61,"column":0},"end":{"line":61,"column":56}},"61":{"start":{"line":62,"column":0},"end":{"line":62,"column":60}},"62":{"start":{"line":63,"column":0},"end":{"line":63,"column":59}},"63":{"start":{"line":64,"column":0},"end":{"line":64,"column":58}},"64":{"start":{"line":65,"column":0},"end":{"line":65,"column":38}},"65":{"start":{"line":66,"column":0},"end":{"line":66,"column":34}},"66":{"start":{"line":67,"column":0},"end":{"line":67,"column":92}},"67":{"start":{"line":68,"column":0},"end":{"line":68,"column":26}},"68":{"start":{"line":69,"column":0},"end":{"line":69,"column":23}},"69":{"start":{"line":70,"column":0},"end":{"line":70,"column":28}},"70":{"start":{"line":71,"column":0},"end":{"line":71,"column":54}},"71":{"start":{"line":72,"column":0},"end":{"line":72,"column":32}},"72":{"start":{"line":73,"column":0},"end":{"line":73,"column":21}},"73":{"start":{"line":74,"column":0},"end":{"line":74,"column":18}},"74":{"start":{"line":75,"column":0},"end":{"line":75,"column":13}},"75":{"start":{"line":76,"column":0},"end":{"line":76,"column":43}},"77":{"start":{"line":78,"column":0},"end":{"line":78,"column":37}},"78":{"start":{"line":79,"column":0},"end":{"line":79,"column":25}},"79":{"start":{"line":80,"column":0},"end":{"line":80,"column":41}},"80":{"start":{"line":81,"column":0},"end":{"line":81,"column":54}},"81":{"start":{"line":82,"column":0},"end":{"line":82,"column":13}},"82":{"start":{"line":83,"column":0},"end":{"line":83,"column":85}},"83":{"start":{"line":84,"column":0},"end":{"line":84,"column":84}},"84":{"start":{"line":85,"column":0},"end":{"line":85,"column":94}},"85":{"start":{"line":86,"column":0},"end":{"line":86,"column":13}},"87":{"start":{"line":88,"column":0},"end":{"line":88,"column":61}},"88":{"start":{"line":89,"column":0},"end":{"line":89,"column":9}},"89":{"start":{"line":90,"column":0},"end":{"line":90,"column":7}},"92":{"start":{"line":93,"column":0},"end":{"line":93,"column":35}}},"s":{"0":1,"1":1,"23":1,"24":1,"25":1,"26":1,"27":1,"28":1,"29":1,"30":1,"31":1,"32":3,"33":3,"34":2,"35":2,"36":3,"37":3,"38":2,"39":2,"40":3,"41":3,"42":1,"43":1,"44":3,"46":3,"47":1,"49":1,"50":1,"51":1,"52":5,"53":5,"54":5,"55":5,"56":5,"57":5,"58":1,"59":1,"60":1,"61":1,"62":2,"63":2,"64":2,"65":2,"66":2,"67":2,"68":2,"69":2,"70":2,"71":2,"72":2,"73":1,"74":1,"75":1,"77":1,"78":5,"79":3,"80":1,"81":1,"82":3,"83":1,"84":1,"85":1,"87":1,"88":1,"89":1,"92":1},"branchMap":{"0":{"type":"branch","line":32,"loc":{"start":{"line":32,"column":19},"end":{"line":47,"column":6}},"locations":[{"start":{"line":32,"column":19},"end":{"line":47,"column":6}}]},"1":{"type":"branch","line":34,"loc":{"start":{"line":34,"column":45},"end":{"line":37,"column":9}},"locations":[{"start":{"line":34,"column":45},"end":{"line":37,"column":9}}]},"2":{"type":"branch","line":38,"loc":{"start":{"line":38,"column":44},"end":{"line":41,"column":9}},"locations":[{"start":{"line":38,"column":44},"end":{"line":41,"column":9}}]},"3":{"type":"branch","line":42,"loc":{"start":{"line":42,"column":43},"end":{"line":45,"column":9}},"locations":[{"start":{"line":42,"column":43},"end":{"line":45,"column":9}}]},"4":{"type":"branch","line":52,"loc":{"start":{"line":52,"column":4},"end":{"line":90,"column":5}},"locations":[{"start":{"line":52,"column":4},"end":{"line":90,"column":5}}]},"5":{"type":"branch","line":57,"loc":{"start":{"line":57,"column":13},"end":{"line":58,"column":42}},"locations":[{"start":{"line":57,"column":13},"end":{"line":58,"column":42}}]},"6":{"type":"branch","line":58,"loc":{"start":{"line":58,"column":42},"end":{"line":79,"column":17}},"locations":[{"start":{"line":58,"column":42},"end":{"line":79,"column":17}}]},"7":{"type":"branch","line":79,"loc":{"start":{"line":79,"column":8},"end":{"line":89,"column":9}},"locations":[{"start":{"line":79,"column":8},"end":{"line":89,"column":9}}]},"8":{"type":"branch","line":80,"loc":{"start":{"line":80,"column":40},"end":{"line":82,"column":13}},"locations":[{"start":{"line":80,"column":40},"end":{"line":82,"column":13}}]},"9":{"type":"branch","line":82,"loc":{"start":{"line":82,"column":12},"end":{"line":83,"column":45}},"locations":[{"start":{"line":82,"column":12},"end":{"line":83,"column":45}}]},"10":{"type":"branch","line":83,"loc":{"start":{"line":83,"column":33},"end":{"line":83,"column":63}},"locations":[{"start":{"line":83,"column":33},"end":{"line":83,"column":63}}]},"11":{"type":"branch","line":83,"loc":{"start":{"line":83,"column":55},"end":{"line":83,"column":84}},"locations":[{"start":{"line":83,"column":55},"end":{"line":83,"column":84}}]},"12":{"type":"branch","line":83,"loc":{"start":{"line":83,"column":84},"end":{"line":89,"column":9}},"locations":[{"start":{"line":83,"column":84},"end":{"line":89,"column":9}}]},"13":{"type":"branch","line":85,"loc":{"start":{"line":85,"column":59},"end":{"line":85,"column":92}},"locations":[{"start":{"line":85,"column":59},"end":{"line":85,"column":92}}]},"14":{"type":"branch","line":62,"loc":{"start":{"line":62,"column":37},"end":{"line":74,"column":17}},"locations":[{"start":{"line":62,"column":37},"end":{"line":74,"column":17}}]}},"b":{"0":[3],"1":[2],"2":[2],"3":[1],"4":[5],"5":[2],"6":[1],"7":[3],"8":[1],"9":[2],"10":[1],"11":[1],"12":[1],"13":[0],"14":[2]},"fnMap":{"0":{"name":"extraReducers","decl":{"start":{"line":32,"column":19},"end":{"line":47,"column":6}},"loc":{"start":{"line":32,"column":19},"end":{"line":47,"column":6}},"line":32}},"f":{"0":3}}
,"C:\\Project\\GitHub-repositories-explorer\\src\\helpers\\PostRequest.ts": {"path":"C:\\Project\\GitHub-repositories-explorer\\src\\helpers\\PostRequest.ts","all":false,"statementMap":{"0":{"start":{"line":1,"column":0},"end":{"line":1,"column":26}},"2":{"start":{"line":3,"column":0},"end":{"line":3,"column":33}},"3":{"start":{"line":4,"column":0},"end":{"line":4,"column":36}},"4":{"start":{"line":5,"column":0},"end":{"line":5,"column":3}},"6":{"start":{"line":7,"column":0},"end":{"line":7,"column":26}}},"s":{"0":1,"2":1,"3":1,"4":1,"6":1},"branchMap":{},"b":{},"fnMap":{},"f":{}}
,"C:\\Project\\GitHub-repositories-explorer\\src\\pages\\Home.tsx": {"path":"C:\\Project\\GitHub-repositories-explorer\\src\\pages\\Home.tsx","all":false,"statementMap":{"0":{"start":{"line":1,"column":0},"end":{"line":1,"column":49}},"1":{"start":{"line":2,"column":0},"end":{"line":2,"column":61}},"2":{"start":{"line":3,"column":0},"end":{"line":3,"column":55}},"3":{"start":{"line":4,"column":0},"end":{"line":4,"column":66}},"5":{"start":{"line":6,"column":0},"end":{"line":6,"column":61}},"7":{"start":{"line":8,"column":0},"end":{"line":8,"column":30}},"8":{"start":{"line":9,"column":0},"end":{"line":9,"column":47}},"9":{"start":{"line":10,"column":0},"end":{"line":10,"column":55}},"10":{"start":{"line":11,"column":0},"end":{"line":11,"column":45}},"11":{"start":{"line":12,"column":0},"end":{"line":12,"column":38}},"12":{"start":{"line":13,"column":0},"end":{"line":13,"column":4}},"13":{"start":{"line":14,"column":0},"end":{"line":14,"column":46}},"15":{"start":{"line":16,"column":0},"end":{"line":16,"column":27}},"17":{"start":{"line":18,"column":0},"end":{"line":18,"column":65}},"18":{"start":{"line":19,"column":0},"end":{"line":19,"column":23}},"19":{"start":{"line":20,"column":0},"end":{"line":20,"column":30}},"21":{"start":{"line":22,"column":0},"end":{"line":22,"column":30}},"22":{"start":{"line":23,"column":0},"end":{"line":23,"column":31}},"23":{"start":{"line":24,"column":0},"end":{"line":24,"column":44}},"24":{"start":{"line":25,"column":0},"end":{"line":25,"column":5}},"25":{"start":{"line":26,"column":0},"end":{"line":26,"column":4}},"27":{"start":{"line":28,"column":0},"end":{"line":28,"column":19}},"29":{"start":{"line":30,"column":0},"end":{"line":30,"column":33}},"30":{"start":{"line":31,"column":0},"end":{"line":31,"column":37}},"31":{"start":{"line":32,"column":0},"end":{"line":32,"column":19}},"32":{"start":{"line":33,"column":0},"end":{"line":33,"column":5}},"34":{"start":{"line":35,"column":0},"end":{"line":35,"column":16}},"35":{"start":{"line":36,"column":0},"end":{"line":36,"column":21}},"36":{"start":{"line":37,"column":0},"end":{"line":37,"column":5}},"37":{"start":{"line":38,"column":0},"end":{"line":38,"column":27}},"39":{"start":{"line":40,"column":0},"end":{"line":40,"column":10}},"40":{"start":{"line":41,"column":0},"end":{"line":41,"column":6}},"41":{"start":{"line":42,"column":0},"end":{"line":42,"column":17}},"42":{"start":{"line":43,"column":0},"end":{"line":43,"column":35}},"43":{"start":{"line":44,"column":0},"end":{"line":44,"column":21}},"44":{"start":{"line":45,"column":0},"end":{"line":45,"column":27}},"45":{"start":{"line":46,"column":0},"end":{"line":46,"column":8}},"46":{"start":{"line":47,"column":0},"end":{"line":47,"column":44}},"47":{"start":{"line":48,"column":0},"end":{"line":48,"column":85}},"48":{"start":{"line":49,"column":0},"end":{"line":49,"column":25}},"49":{"start":{"line":50,"column":0},"end":{"line":50,"column":12}},"50":{"start":{"line":51,"column":0},"end":{"line":51,"column":19}},"51":{"start":{"line":52,"column":0},"end":{"line":52,"column":85}},"52":{"start":{"line":53,"column":0},"end":{"line":53,"column":32}},"53":{"start":{"line":54,"column":0},"end":{"line":54,"column":12}},"54":{"start":{"line":55,"column":0},"end":{"line":55,"column":32}},"55":{"start":{"line":56,"column":0},"end":{"line":56,"column":77}},"56":{"start":{"line":57,"column":0},"end":{"line":57,"column":41}},"57":{"start":{"line":58,"column":0},"end":{"line":58,"column":12}},"59":{"start":{"line":60,"column":0},"end":{"line":60,"column":10}},"61":{"start":{"line":62,"column":0},"end":{"line":62,"column":20}},"62":{"start":{"line":63,"column":0},"end":{"line":63,"column":7}},"64":{"start":{"line":65,"column":0},"end":{"line":65,"column":2}},"66":{"start":{"line":67,"column":0},"end":{"line":67,"column":20}}},"s":{"0":1,"1":1,"2":1,"3":1,"5":1,"7":1,"8":64,"9":64,"10":64,"11":64,"12":64,"13":64,"15":64,"17":64,"18":7,"19":7,"21":7,"22":6,"23":6,"24":6,"25":7,"27":64,"29":12,"30":3,"31":3,"32":3,"34":12,"35":3,"36":3,"37":64,"39":64,"40":64,"41":64,"42":64,"43":64,"44":64,"45":64,"46":64,"47":1,"48":1,"49":1,"50":63,"51":3,"52":3,"53":3,"54":60,"55":22,"56":22,"57":22,"59":38,"61":64,"62":64,"64":64,"66":1},"branchMap":{"0":{"type":"branch","line":8,"loc":{"start":{"line":8,"column":23},"end":{"line":65,"column":2}},"locations":[{"start":{"line":8,"column":23},"end":{"line":65,"column":2}}]},"1":{"type":"branch","line":47,"loc":{"start":{"line":47,"column":25},"end":{"line":50,"column":12}},"locations":[{"start":{"line":47,"column":25},"end":{"line":50,"column":12}}]},"2":{"type":"branch","line":50,"loc":{"start":{"line":50,"column":8},"end":{"line":60,"column":10}},"locations":[{"start":{"line":50,"column":8},"end":{"line":60,"column":10}}]},"3":{"type":"branch","line":51,"loc":{"start":{"line":51,"column":10},"end":{"line":54,"column":12}},"locations":[{"start":{"line":51,"column":10},"end":{"line":54,"column":12}}]},"4":{"type":"branch","line":54,"loc":{"start":{"line":54,"column":8},"end":{"line":60,"column":10}},"locations":[{"start":{"line":54,"column":8},"end":{"line":60,"column":10}}]},"5":{"type":"branch","line":55,"loc":{"start":{"line":55,"column":22},"end":{"line":58,"column":12}},"locations":[{"start":{"line":55,"column":22},"end":{"line":58,"column":12}}]},"6":{"type":"branch","line":58,"loc":{"start":{"line":58,"column":8},"end":{"line":60,"column":10}},"locations":[{"start":{"line":58,"column":8},"end":{"line":60,"column":10}}]},"7":{"type":"branch","line":12,"loc":{"start":{"line":12,"column":4},"end":{"line":12,"column":38}},"locations":[{"start":{"line":12,"column":4},"end":{"line":12,"column":38}}]},"8":{"type":"branch","line":18,"loc":{"start":{"line":18,"column":23},"end":{"line":26,"column":4}},"locations":[{"start":{"line":18,"column":23},"end":{"line":26,"column":4}}]},"9":{"type":"branch","line":22,"loc":{"start":{"line":22,"column":29},"end":{"line":25,"column":5}},"locations":[{"start":{"line":22,"column":29},"end":{"line":25,"column":5}}]},"10":{"type":"branch","line":28,"loc":{"start":{"line":28,"column":12},"end":{"line":38,"column":5}},"locations":[{"start":{"line":28,"column":12},"end":{"line":38,"column":5}}]},"11":{"type":"branch","line":30,"loc":{"start":{"line":30,"column":32},"end":{"line":33,"column":5}},"locations":[{"start":{"line":30,"column":32},"end":{"line":33,"column":5}}]},"12":{"type":"branch","line":35,"loc":{"start":{"line":35,"column":15},"end":{"line":37,"column":5}},"locations":[{"start":{"line":35,"column":15},"end":{"line":37,"column":5}}]}},"b":{"0":[64],"1":[1],"2":[63],"3":[3],"4":[60],"5":[22],"6":[38],"7":[76],"8":[7],"9":[6],"10":[12],"11":[3],"12":[3]},"fnMap":{"0":{"name":"Home","decl":{"start":{"line":8,"column":23},"end":{"line":65,"column":2}},"loc":{"start":{"line":8,"column":23},"end":{"line":65,"column":2}},"line":8},"1":{"name":"handleSearch","decl":{"start":{"line":18,"column":23},"end":{"line":26,"column":4}},"loc":{"start":{"line":18,"column":23},"end":{"line":26,"column":4}},"line":18}},"f":{"0":64,"1":7}}
}
